<?xml version="1.0" encoding="UTF-8"?>
<!-- Generated by org.testng.reporters.JUnitReportReporter -->
<testsuite skipped="0" hostname="Hakans-Air" name="com.facebook.testcases.LoginAccount" tests="1" failures="0" timestamp="2021-10-18T15:06:03 EDT" time="10.853" errors="0">
  <testcase name="loginBook" time="10.853" classname="com.facebook.testcases.LoginAccount"/>
  <system-out/>
</testsuite> <!-- com.facebook.testcases.LoginAccount -->
