<?xml version="1.0" encoding="UTF-8"?>
<!-- Generated by org.testng.reporters.JUnitReportReporter -->
<testsuite skipped="0" hostname="Hakans-Air" name="com.facebook.testcases.Login" tests="1" failures="0" timestamp="2021-10-18T15:40:46 EDT" time="5.472" errors="0">
  <testcase name="validLogin" time="5.472" classname="com.facebook.testcases.Login"/>
  <system-out/>
</testsuite> <!-- com.facebook.testcases.Login -->
