<?xml version="1.0" encoding="UTF-8"?>
<!-- Generated by org.testng.reporters.JUnitReportReporter -->
<testsuite hostname="Hakans-Air" failures="0" tests="1" name="com.facebook.testcases.Login" time="5.226" errors="0" timestamp="2021-10-18T15:45:43 EDT" skipped="0">
  <testcase classname="com.facebook.testcases.Login" name="validLogin" time="5.226"/>
  <system-out/>
</testsuite> <!-- com.facebook.testcases.Login -->
